Flow report for actividad3
Fri May 23 15:01:31 2014
Quartus II Version 11.0 Build 157 04/27/2011 SJ Web Edition


---------------------
; Table of Contents ;
---------------------
  1. Legal Notice
  2. Flow Summary
  3. Flow Settings
  4. Flow Non-Default Global Settings
  5. Flow Elapsed Time
  6. Flow OS Summary
  7. Flow Log



----------------
; Legal Notice ;
----------------
Copyright (C) 1991-2011 Altera Corporation
Your use of Altera Corporation's design tools, logic functions 
and other software and tools, and its AMPP partner logic 
functions, and any output files from any of the foregoing 
(including device programming or simulation files), and any 
associated documentation or information are expressly subject 
to the terms and conditions of the Altera Program License 
Subscription Agreement, Altera MegaCore Function License 
Agreement, or other applicable license agreement, including, 
without limitation, that your use is for the sole purpose of 
programming logic devices manufactured by Altera and sold by 
Altera or its authorized distributors.  Please refer to the 
applicable agreement for further details.



+-------------------------------------------------------------------------------+
; Flow Summary                                                                  ;
+------------------------------------+------------------------------------------+
; Flow Status                        ; Successful - Fri May 23 15:01:31 2014    ;
; Quartus II Version                 ; 11.0 Build 157 04/27/2011 SJ Web Edition ;
; Revision Name                      ; actividad3                               ;
; Top-level Entity Name              ; light_3                                  ;
; Family                             ; Cyclone II                               ;
; Device                             ; EP2C35F672C6                             ;
; Timing Models                      ; Final                                    ;
; Total logic elements               ; 1,368 / 33,216 ( 4 % )                   ;
;     Total combinational functions  ; 1,285 / 33,216 ( 4 % )                   ;
;     Dedicated logic registers      ; 716 / 33,216 ( 2 % )                     ;
; Total registers                    ; 716                                      ;
; Total pins                         ; 18 / 475 ( 4 % )                         ;
; Total virtual pins                 ; 0                                        ;
; Total memory bits                  ; 44,032 / 483,840 ( 9 % )                 ;
; Embedded Multiplier 9-bit elements ; 0 / 70 ( 0 % )                           ;
; Total PLLs                         ; 0 / 4 ( 0 % )                            ;
+------------------------------------+------------------------------------------+


+-----------------------------------------+
; Flow Settings                           ;
+-------------------+---------------------+
; Option            ; Setting             ;
+-------------------+---------------------+
; Start date & time ; 05/23/2014 15:00:37 ;
; Main task         ; Compilation         ;
; Revision Name     ; actividad3          ;
+-------------------+---------------------+


+------------------------------------------------------------------------------------------------------------------------+
; Flow Non-Default Global Settings                                                                                       ;
+-------------------------------------+---------------------------------------+---------------+-------------+------------+
; Assignment Name                     ; Value                                 ; Default Value ; Entity Name ; Section Id ;
+-------------------------------------+---------------------------------------+---------------+-------------+------------+
; COMPILER_SIGNATURE_ID               ; 37481511234807.140086803609408        ; --            ; --          ; --         ;
; MAX_CORE_JUNCTION_TEMP              ; 85                                    ; --            ; --          ; --         ;
; MIN_CORE_JUNCTION_TEMP              ; 0                                     ; --            ; --          ; --         ;
; PARTITION_COLOR                     ; 16764057                              ; --            ; light_3     ; Top        ;
; PARTITION_FITTER_PRESERVATION_LEVEL ; PLACEMENT_AND_ROUTING                 ; --            ; light_3     ; Top        ;
; PARTITION_NETLIST_TYPE              ; SOURCE                                ; --            ; light_3     ; Top        ;
; POWER_BOARD_THERMAL_MODEL           ; None (CONSERVATIVE)                   ; --            ; --          ; --         ;
; POWER_PRESET_COOLING_SOLUTION       ; 23 MM HEAT SINK WITH 200 LFPM AIRFLOW ; --            ; --          ; --         ;
; SOPC_BUILDER_SIGNATURE_ID           ; 089E014EA76D00000146251F5714          ; --            ; --          ; --         ;
; TOP_LEVEL_ENTITY                    ; light_3                               ; actividad3    ; --          ; --         ;
+-------------------------------------+---------------------------------------+---------------+-------------+------------+


+-------------------------------------------------------------------------------------------------------------------------------+
; Flow Elapsed Time                                                                                                             ;
+---------------------------+--------------+-------------------------+---------------------+------------------------------------+
; Module Name               ; Elapsed Time ; Average Processors Used ; Peak Virtual Memory ; Total CPU Time (on all processors) ;
+---------------------------+--------------+-------------------------+---------------------+------------------------------------+
; Analysis & Synthesis      ; 00:00:23     ; 1.0                     ; 328 MB              ; 00:00:22                           ;
; Fitter                    ; 00:00:18     ; 2.0                     ; 430 MB              ; 00:00:25                           ;
; Assembler                 ; 00:00:07     ; 1.0                     ; 309 MB              ; 00:00:06                           ;
; TimeQuest Timing Analyzer ; 00:00:07     ; 2.5                     ; 309 MB              ; 00:00:08                           ;
; Total                     ; 00:00:55     ; --                      ; --                  ; 00:01:01                           ;
+---------------------------+--------------+-------------------------+---------------------+------------------------------------+


+----------------------------------------------------------------------------------------+
; Flow OS Summary                                                                        ;
+---------------------------+------------------+-----------+------------+----------------+
; Module Name               ; Machine Hostname ; OS Name   ; OS Version ; Processor type ;
+---------------------------+------------------+-----------+------------+----------------+
; Analysis & Synthesis      ; toshiba-laptop   ; Windows 7 ; 6.2        ; x86_64         ;
; Fitter                    ; toshiba-laptop   ; Windows 7 ; 6.2        ; x86_64         ;
; Assembler                 ; toshiba-laptop   ; Windows 7 ; 6.2        ; x86_64         ;
; TimeQuest Timing Analyzer ; toshiba-laptop   ; Windows 7 ; 6.2        ; x86_64         ;
+---------------------------+------------------+-----------+------------+----------------+


------------
; Flow Log ;
------------
quartus_map --read_settings_files=on --write_settings_files=off actividad3 -c actividad3
quartus_fit --read_settings_files=off --write_settings_files=off actividad3 -c actividad3
quartus_asm --read_settings_files=off --write_settings_files=off actividad3 -c actividad3
quartus_sta actividad3 -c actividad3



